# JRE version: Java(TM) SE Runtime Environment (8.0_65-b17) (build 1.8.0_65-b17)
# Java VM: Java HotSpot(TM) 64-Bit Server VM (25.65-b01 mixed mode bsd-amd64 compressed oops)
Heap:
 PSYoungGen      total 925184K, used 697685K [0x000000076ab00000, 0x00000007be500000, 0x00000007c0000000)
  eden space 469504K, 99% used [0x000000076ab00000,0x00000007873ea5f0,0x0000000787580000)
  from space 455680K, 50% used [0x0000000787580000,0x00000007955eaf98,0x00000007a3280000)
  to   space 433664K, 0% used [0x00000007a3d80000,0x00000007a3d80000,0x00000007be500000)
 ParOldGen       total 1004032K, used 693701K [0x00000006c0000000, 0x00000006fd480000, 0x000000076ab00000)
  object space 1004032K, 69% used [0x00000006c0000000,0x00000006ea5715d0,0x00000006fd480000)
 Metaspace       used 21010K, capacity 21485K, committed 21760K, reserved 1069056K
  class space    used 2304K, capacity 2437K, committed 2560K, reserved 1048576K
GC Heap History (10 events):
Event: 20.194 GC heap before
{Heap before GC invocations=18 (full 3):
 PSYoungGen      total 931840K, used 804118K [0x000000076ab00000, 0x00000007c0000000, 0x00000007c0000000)
  eden space 465920K, 100% used [0x000000076ab00000,0x0000000787200000,0x0000000787200000)
  from space 465920K, 72% used [0x00000007a3900000,0x00000007b8345898,0x00000007c0000000)
  to   space 465920K, 0% used [0x0000000787200000,0x0000000787200000,0x00000007a3900000)
 ParOldGen       total 1004032K, used 638821K [0x00000006c0000000, 0x00000006fd480000, 0x000000076ab00000)
  object space 1004032K, 63% used [0x00000006c0000000,0x00000006e6fd9638,0x00000006fd480000)
 Metaspace       used 20175K, capacity 20671K, committed 20864K, reserved 1067008K
  class space    used 2265K, capacity 2404K, committed 2432K, reserved 1048576K
Event: 20.298 GC heap after
Heap after GC invocations=18 (full 3):
 PSYoungGen      total 931840K, used 227278K [0x000000076ab00000, 0x00000007c0000000, 0x00000007c0000000)
  eden space 465920K, 0% used [0x000000076ab00000,0x000000076ab00000,0x0000000787200000)
  from space 465920K, 48% used [0x0000000787200000,0x0000000794ff3b88,0x00000007a3900000)
  to   space 465920K, 0% used [0x00000007a3900000,0x00000007a3900000,0x00000007c0000000)
 ParOldGen       total 1004032K, used 693685K [0x00000006c0000000, 0x00000006fd480000, 0x000000076ab00000)
  object space 1004032K, 69% used [0x00000006c0000000,0x00000006ea56d5d0,0x00000006fd480000)
 Metaspace       used 20175K, capacity 20671K, committed 20864K, reserved 1067008K
  class space    used 2265K, capacity 2404K, committed 2432K, reserved 1048576K
}
Event: 21.385 GC heap before
{Heap before GC invocations=19 (full 3):
 PSYoungGen      total 931840K, used 693198K [0x000000076ab00000, 0x00000007c0000000, 0x00000007c0000000)
  eden space 465920K, 100% used [0x000000076ab00000,0x0000000787200000,0x0000000787200000)
  from space 465920K, 48% used [0x0000000787200000,0x0000000794ff3b88,0x00000007a3900000)
  to   space 465920K, 0% used [0x00000007a3900000,0x00000007a3900000,0x00000007c0000000)
 ParOldGen       total 1004032K, used 693685K [0x00000006c0000000, 0x00000006fd480000, 0x000000076ab00000)
  object space 1004032K, 69% used [0x00000006c0000000,0x00000006ea56d5d0,0x00000006fd480000)
 Metaspace       used 20201K, capacity 20671K, committed 20864K, reserved 1067008K
  class space    used 2266K, capacity 2404K, committed 2432K, reserved 1048576K
Event: 21.472 GC heap after
Heap after GC invocations=19 (full 3):
 PSYoungGen      total 918528K, used 245067K [0x000000076ab00000, 0x00000007bf300000, 0x00000007c0000000)
  eden space 465920K, 0% used [0x000000076ab00000,0x000000076ab00000,0x0000000787200000)
  from space 452608K, 54% used [0x00000007a3900000,0x00000007b2852d50,0x00000007bf300000)
  to   space 459264K, 0% used [0x0000000787200000,0x0000000787200000,0x00000007a3280000)
 ParOldGen       total 1004032K, used 693693K [0x00000006c0000000, 0x00000006fd480000, 0x000000076ab00000)
  object space 1004032K, 69% used [0x00000006c0000000,0x00000006ea56f5d0,0x00000006fd480000)
 Metaspace       used 20201K, capacity 20671K, committed 20864K, reserved 1067008K
  class space    used 2266K, capacity 2404K, committed 2432K, reserved 1048576K
}
Event: 23.207 GC heap before
{Heap before GC invocations=20 (full 3):
 PSYoungGen      total 918528K, used 710987K [0x000000076ab00000, 0x00000007bf300000, 0x00000007c0000000)
  eden space 465920K, 100% used [0x000000076ab00000,0x0000000787200000,0x0000000787200000)
  from space 452608K, 54% used [0x00000007a3900000,0x00000007b2852d50,0x00000007bf300000)
  to   space 459264K, 0% used [0x0000000787200000,0x0000000787200000,0x00000007a3280000)
 ParOldGen       total 1004032K, used 693693K [0x00000006c0000000, 0x00000006fd480000, 0x000000076ab00000)
  object space 1004032K, 69% used [0x00000006c0000000,0x00000006ea56f5d0,0x00000006fd480000)
 Metaspace       used 20210K, capacity 20671K, committed 20864K, reserved 1067008K
  class space    used 2266K, capacity 2404K, committed 2432K, reserved 1048576K
Event: 23.277 GC heap after
Heap after GC invocations=20 (full 3):
 PSYoungGen      total 925184K, used 228033K [0x000000076ab00000, 0x00000007bdf80000, 0x00000007c0000000)
  eden space 465920K, 0% used [0x000000076ab00000,0x000000076ab00000,0x0000000787200000)
  from space 459264K, 49% used [0x0000000787200000,0x00000007950b0698,0x00000007a3280000)
  to   space 439296K, 0% used [0x00000007a3280000,0x00000007a3280000,0x00000007bdf80000)
 ParOldGen       total 1004032K, used 693693K [0x00000006c0000000, 0x00000006fd480000, 0x000000076ab00000)
  object space 1004032K, 69% used [0x00000006c0000000,0x00000006ea56f5d0,0x00000006fd480000)
 Metaspace       used 20210K, capacity 20671K, committed 20864K, reserved 1067008K
  class space    used 2266K, capacity 2404K, committed 2432K, reserved 1048576K
}
Event: 24.264 GC heap before
{Heap before GC invocations=21 (full 3):
 PSYoungGen      total 925184K, used 693953K [0x000000076ab00000, 0x00000007bdf80000, 0x00000007c0000000)
  eden space 465920K, 100% used [0x000000076ab00000,0x0000000787200000,0x0000000787200000)
  from space 459264K, 49% used [0x0000000787200000,0x00000007950b0698,0x00000007a3280000)
  to   space 439296K, 0% used [0x00000007a3280000,0x00000007a3280000,0x00000007bdf80000)
 ParOldGen       total 1004032K, used 693693K [0x00000006c0000000, 0x00000006fd480000, 0x000000076ab00000)
  object space 1004032K, 69% used [0x00000006c0000000,0x00000006ea56f5d0,0x00000006fd480000)
 Metaspace       used 20219K, capacity 20671K, committed 20864K, reserved 1067008K
  class space    used 2266K, capacity 2404K, committed 2432K, reserved 1048576K
Event: 24.343 GC heap after
Heap after GC invocations=21 (full 3):
 PSYoungGen      total 908800K, used 319956K [0x000000076ab00000, 0x00000007c0000000, 0x00000007c0000000)
  eden space 469504K, 0% used [0x000000076ab00000,0x000000076ab00000,0x0000000787580000)
  from space 439296K, 72% used [0x00000007a3280000,0x00000007b6af53a0,0x00000007bdf80000)
  to   space 455680K, 0% used [0x0000000787580000,0x0000000787580000,0x00000007a3280000)
 ParOldGen       total 1004032K, used 693693K [0x00000006c0000000, 0x00000006fd480000, 0x000000076ab00000)
  object space 1004032K, 69% used [0x00000006c0000000,0x00000006ea56f5d0,0x00000006fd480000)
 Metaspace       used 20219K, capacity 20671K, committed 20864K, reserved 1067008K
  class space    used 2266K, capacity 2404K, committed 2432K, reserved 1048576K
}
Event: 25.246 GC heap before
{Heap before GC invocations=22 (full 3):
 PSYoungGen      total 908800K, used 789460K [0x000000076ab00000, 0x00000007c0000000, 0x00000007c0000000)
  eden space 469504K, 100% used [0x000000076ab00000,0x0000000787580000,0x0000000787580000)
  from space 439296K, 72% used [0x00000007a3280000,0x00000007b6af53a0,0x00000007bdf80000)
  to   space 455680K, 0% used [0x0000000787580000,0x0000000787580000,0x00000007a3280000)
 ParOldGen       total 1004032K, used 693693K [0x00000006c0000000, 0x00000006fd480000, 0x000000076ab00000)
  object space 1004032K, 69% used [0x00000006c0000000,0x00000006ea56f5d0,0x00000006fd480000)
 Metaspace       used 20372K, capacity 20867K, committed 21120K, reserved 1069056K
  class space    used 2271K, capacity 2404K, committed 2432K, reserved 1048576K
Event: 25.316 GC heap after
Heap after GC invocations=22 (full 3):
 PSYoungGen      total 925184K, used 229803K [0x000000076ab00000, 0x00000007be500000, 0x00000007c0000000)
  eden space 469504K, 0% used [0x000000076ab00000,0x000000076ab00000,0x0000000787580000)
  from space 455680K, 50% used [0x0000000787580000,0x00000007955eaf98,0x00000007a3280000)
  to   space 433664K, 0% used [0x00000007a3d80000,0x00000007a3d80000,0x00000007be500000)
 ParOldGen       total 1004032K, used 693701K [0x00000006c0000000, 0x00000006fd480000, 0x000000076ab00000)
  object space 1004032K, 69% used [0x00000006c0000000,0x00000006ea5715d0,0x00000006fd480000)
 Metaspace       used 20372K, capacity 20867K, committed 21120K, reserved 1069056K
  class space    used 2271K, capacity 2404K, committed 2432K, reserved 1048576K
}

